<?xml version="1.0" encoding="UTF-8"?>
<testng-results ignored="0" total="1" passed="1" failed="0" skipped="0">
  <reporter-output>
  </reporter-output>
  <suite started-at="2025-04-07T12:23:38 IST" name="Suite" finished-at="2025-04-07T12:23:47 IST" duration-ms="8837">
    <groups>
    </groups>
    <test started-at="2025-04-07T12:23:38 IST" name="Test" finished-at="2025-04-07T12:23:47 IST" duration-ms="8837">
      <class name="basePage.Generic">
        <test-method signature="run()[pri:0, instance:basePage.Generic@5fdcaa40]" started-at="2025-04-07T12:23:38 IST" name="run" finished-at="2025-04-07T12:23:47 IST" duration-ms="8775" status="PASS">
          <reporter-output>
          </reporter-output>
        </test-method> <!-- run -->
      </class> <!-- basePage.Generic -->
    </test> <!-- Test -->
  </suite> <!-- Suite -->
</testng-results>
